E:\WORKERCODE\MAINSERVER\MAINSERVER\DEBUG\MEMPOOL.EXE
E:\WORKERCODE\MAINSERVER\MAINSERVER\DEBUG\MEMPOOL.ILK
E:\WORKERCODE\MAINSERVER\MAINSERVER\DEBUG\MEMPOOL.PDB
E:\WorkerCode\MemPool\Debug\cl.command.1.tlog
E:\WorkerCode\MemPool\Debug\CL.read.1.tlog
E:\WorkerCode\MemPool\Debug\CL.write.1.tlog
E:\WorkerCode\MemPool\Debug\link.command.1.tlog
E:\WorkerCode\MemPool\Debug\link.read.1.tlog
E:\WorkerCode\MemPool\Debug\link.write.1.tlog
E:\WORKERCODE\MEMPOOL\DEBUG\MAIN.OBJ
E:\WORKERCODE\MEMPOOL\DEBUG\MEMPOOL.EXE.INTERMEDIATE.MANIFEST
E:\WorkerCode\MemPool\Debug\mt.command.1.tlog
E:\WorkerCode\MemPool\Debug\mt.read.1.tlog
E:\WorkerCode\MemPool\Debug\mt.write.1.tlog
E:\WorkerCode\MemPool\Debug\vc100.idb
E:\WORKERCODE\MEMPOOL\DEBUG\VC100.PDB
F:\SVNCODE\MEMPOOL\DEBUG\MAIN.OBJ
F:\SVNCODE\MEMPOOL\DEBUG\MEMPOOL.EXE.INTERMEDIATE.MANIFEST
F:\SVNCODE\MEMPOOL\DEBUG\VC100.PDB
F:\SVNCODE\YKQSERVER\DEBUG\MEMPOOL.EXE
F:\SVNCODE\YKQSERVER\DEBUG\MEMPOOL.ILK
F:\SVNCODE\YKQSERVER\DEBUG\MEMPOOL.PDB
