E:\GITHUB\NETSERVER\MAINSERVER\MAINSERVER\DEBUG\MAINSERVER.EXE
E:\GITHUB\NETSERVER\MAINSERVER\MAINSERVER\DEBUG\MAINSERVER.EXE.MANIFEST
E:\GITHUB\NETSERVER\MAINSERVER\MAINSERVER\DEBUG\MAINSERVER.ILK
E:\GITHUB\NETSERVER\MAINSERVER\MAINSERVER\DEBUG\MAINSERVER.PDB
E:\GITHUB\NETSERVER\MAINSERVER\MAINSERVER\MAINSERVER\DEBUG\CCONFIGER.OBJ
E:\GITHUB\NETSERVER\MAINSERVER\MAINSERVER\MAINSERVER\DEBUG\CEVENTBASEMGR.OBJ
E:\GITHUB\NETSERVER\MAINSERVER\MAINSERVER\MAINSERVER\DEBUG\CFIELD.OBJ
E:\GITHUB\NETSERVER\MAINSERVER\MAINSERVER\MAINSERVER\DEBUG\CHTTPPARSE.OBJ
E:\GITHUB\NETSERVER\MAINSERVER\MAINSERVER\MAINSERVER\DEBUG\CHTTPREPLY.OBJ
E:\Github\NetServer\MainServer\MainServer\MainServer\Debug\cl.command.1.tlog
E:\Github\NetServer\MainServer\MainServer\MainServer\Debug\CL.read.1.tlog
E:\Github\NetServer\MainServer\MainServer\MainServer\Debug\CL.write.1.tlog
E:\GITHUB\NETSERVER\MAINSERVER\MAINSERVER\MAINSERVER\DEBUG\CMAINEVENTBASE.OBJ
E:\GITHUB\NETSERVER\MAINSERVER\MAINSERVER\MAINSERVER\DEBUG\CMGRREQUEST.OBJ
E:\GITHUB\NETSERVER\MAINSERVER\MAINSERVER\MAINSERVER\DEBUG\COMMON.OBJ
E:\GITHUB\NETSERVER\MAINSERVER\MAINSERVER\MAINSERVER\DEBUG\CRECORD.OBJ
E:\GITHUB\NETSERVER\MAINSERVER\MAINSERVER\MAINSERVER\DEBUG\CREDISCLIENT.OBJ
E:\GITHUB\NETSERVER\MAINSERVER\MAINSERVER\MAINSERVER\DEBUG\CREDISSERVICEMGR.OBJ
E:\GITHUB\NETSERVER\MAINSERVER\MAINSERVER\MAINSERVER\DEBUG\CREQHANDLEROBJ.OBJ
E:\GITHUB\NETSERVER\MAINSERVER\MAINSERVER\MAINSERVER\DEBUG\CSQLCLIENT.OBJ
E:\GITHUB\NETSERVER\MAINSERVER\MAINSERVER\MAINSERVER\DEBUG\CSQLSERVICEMGR.OBJ
E:\GITHUB\NETSERVER\MAINSERVER\MAINSERVER\MAINSERVER\DEBUG\CUTILREDIS.OBJ
E:\GITHUB\NETSERVER\MAINSERVER\MAINSERVER\MAINSERVER\DEBUG\CUTILSQL.OBJ
E:\Github\NetServer\MainServer\MainServer\MainServer\Debug\link.command.1.tlog
E:\Github\NetServer\MainServer\MainServer\MainServer\Debug\link.read.1.tlog
E:\Github\NetServer\MainServer\MainServer\MainServer\Debug\link.write.1.tlog
E:\GITHUB\NETSERVER\MAINSERVER\MAINSERVER\MAINSERVER\DEBUG\LOCKER.OBJ
E:\GITHUB\NETSERVER\MAINSERVER\MAINSERVER\MAINSERVER\DEBUG\MAIN.OBJ
E:\GITHUB\NETSERVER\MAINSERVER\MAINSERVER\MAINSERVER\DEBUG\MAINSERVER.EXE.INTERMEDIATE.MANIFEST
E:\Github\NetServer\MainServer\MainServer\MainServer\Debug\MainServer.write.1.tlog
E:\GITHUB\NETSERVER\MAINSERVER\MAINSERVER\MAINSERVER\DEBUG\MEMORYPOOLOBJ.OBJ
E:\Github\NetServer\MainServer\MainServer\MainServer\Debug\mt.command.1.tlog
E:\Github\NetServer\MainServer\MainServer\MainServer\Debug\mt.read.1.tlog
E:\Github\NetServer\MainServer\MainServer\MainServer\Debug\mt.write.1.tlog
E:\Github\NetServer\MainServer\MainServer\MainServer\Debug\vc100.idb
E:\GITHUB\NETSERVER\MAINSERVER\MAINSERVER\MAINSERVER\DEBUG\VC100.PDB
E:\GITHUB\NETSERVER\MAINSERVER\MAINSERVER\MAINSERVER\DEBUG\WLOG.OBJ
